<?xml version="1.0" encoding="UTF-8"?>
<testsuite xmlns:xsi="http://www.w3.org/2001/XMLSchema-instance" xsi:noNamespaceSchemaLocation="https://maven.apache.org/surefire/maven-surefire-plugin/xsd/surefire-test-report-3.0.xsd" version="3.0" name="data_management.AlertGeneratorTest" time="0.138" tests="1" errors="0" skipped="0" failures="0">
  <properties>
[...]
</properties>
  <testcase name="testBloodPressureAlerts" classname="data_management.AlertGeneratorTest" time="0.063">
    <system-out><![CDATA[ALERT: Patient 1 | Condition: SystolicPressure Increasing Trend | Timestamp: 3
ALERT: Patient 1 | Condition: SystolicPressure Increasing Trend | Timestamp: 1748174182451
]]></system-out>
  </testcase>
</testsuite>